{"/Users/hanaqureshi/poc-microfrontend/mfe-accounting-app/src/App.tsx": {"path":"/Users/hanaqureshi/poc-microfrontend/mfe-accounting-app/src/App.tsx","statementMap":{"0":{"start":{"line":9,"column":70},"end":{"line":10,"column":null}},"1":{"start":{"line":12,"column":2},"end":{"line":32,"column":null}}},"fnMap":{"0":{"name":"AccountingApp","decl":{"start":{"line":8,"column":24},"end":{"line":8,"column":null}},"loc":{"start":{"line":8,"column":24},"end":{"line":36,"column":null}},"line":8}},"branchMap":{},"s":{"0":24,"1":24},"f":{"0":24},"b":{},"meta":{"lastBranch":0,"lastFunction":1,"lastStatement":2,"seen":{"f:8:24:8:Infinity":0,"s:9:70:10:Infinity":0,"s:12:2:32:Infinity":1}}}
,"/Users/hanaqureshi/poc-microfrontend/mfe-accounting-app/src/components/InvoiceForm.tsx": {"path":"/Users/hanaqureshi/poc-microfrontend/mfe-accounting-app/src/components/InvoiceForm.tsx","statementMap":{"0":{"start":{"line":14,"column":23},"end":{"line":19,"column":null}},"1":{"start":{"line":21,"column":23},"end":{"line":37,"column":null}},"2":{"start":{"line":22,"column":4},"end":{"line":22,"column":null}},"3":{"start":{"line":22,"column":38},"end":{"line":22,"column":null}},"4":{"start":{"line":24,"column":4},"end":{"line":29,"column":null}},"5":{"start":{"line":31,"column":4},"end":{"line":36,"column":null}},"6":{"start":{"line":39,"column":2},"end":{"line":63,"column":null}},"7":{"start":{"line":47,"column":12},"end":{"line":47,"column":null}},"8":{"start":{"line":56,"column":12},"end":{"line":56,"column":null}}},"fnMap":{"0":{"name":"InvoiceForm","decl":{"start":{"line":13,"column":24},"end":{"line":13,"column":36}},"loc":{"start":{"line":13,"column":52},"end":{"line":69,"column":null}},"line":13},"1":{"name":"(anonymous_1)","decl":{"start":{"line":21,"column":23},"end":{"line":21,"column":null}},"loc":{"start":{"line":21,"column":23},"end":{"line":37,"column":null}},"line":21},"2":{"name":"(anonymous_2)","decl":{"start":{"line":46,"column":20},"end":{"line":46,"column":21}},"loc":{"start":{"line":47,"column":12},"end":{"line":47,"column":null}},"line":47},"3":{"name":"(anonymous_3)","decl":{"start":{"line":55,"column":20},"end":{"line":55,"column":21}},"loc":{"start":{"line":56,"column":12},"end":{"line":56,"column":null}},"line":56}},"branchMap":{"0":{"loc":{"start":{"line":22,"column":4},"end":{"line":22,"column":null}},"type":"if","locations":[{"start":{"line":22,"column":4},"end":{"line":22,"column":null}},{"start":{},"end":{}}],"line":22},"1":{"loc":{"start":{"line":22,"column":8},"end":{"line":22,"column":36}},"type":"binary-expr","locations":[{"start":{"line":22,"column":8},"end":{"line":22,"column":20}},{"start":{"line":22,"column":24},"end":{"line":22,"column":36}}],"line":22}},"s":{"0":171,"1":171,"2":10,"3":3,"4":7,"5":7,"6":171,"7":104,"8":32},"f":{"0":171,"1":10,"2":104,"3":32},"b":{"0":[3,7],"1":[10,8]},"meta":{"lastBranch":2,"lastFunction":4,"lastStatement":9,"seen":{"f:13:24:13:36":0,"s:14:23:19:Infinity":0,"s:21:23:37:Infinity":1,"f:21:23:21:Infinity":1,"b:22:4:22:Infinity:undefined:undefined:undefined:undefined":0,"s:22:4:22:Infinity":2,"b:22:8:22:20:22:24:22:36":1,"s:22:38:22:Infinity":3,"s:24:4:29:Infinity":4,"s:31:4:36:Infinity":5,"s:39:2:63:Infinity":6,"f:46:20:46:21":2,"s:47:12:47:Infinity":7,"f:55:20:55:21":3,"s:56:12:56:Infinity":8}}}
,"/Users/hanaqureshi/poc-microfrontend/mfe-accounting-app/src/components/InvoiceTable.tsx": {"path":"/Users/hanaqureshi/poc-microfrontend/mfe-accounting-app/src/components/InvoiceTable.tsx","statementMap":{"0":{"start":{"line":18,"column":2},"end":{"line":32,"column":null}},"1":{"start":{"line":31,"column":25},"end":{"line":32,"column":null}},"2":{"start":{"line":40,"column":20},"end":{"line":40,"column":null}},"3":{"start":{"line":54,"column":33},"end":{"line":54,"column":null}}},"fnMap":{"0":{"name":"InvoiceTable","decl":{"start":{"line":13,"column":24},"end":{"line":13,"column":37}},"loc":{"start":{"line":17,"column":8},"end":{"line":66,"column":null}},"line":17},"1":{"name":"(anonymous_1)","decl":{"start":{"line":31,"column":24},"end":{"line":31,"column":25}},"loc":{"start":{"line":31,"column":25},"end":{"line":32,"column":null}},"line":31},"2":{"name":"(anonymous_2)","decl":{"start":{"line":39,"column":28},"end":{"line":39,"column":29}},"loc":{"start":{"line":40,"column":20},"end":{"line":40,"column":null}},"line":40},"3":{"name":"(anonymous_3)","decl":{"start":{"line":54,"column":27},"end":{"line":54,"column":33}},"loc":{"start":{"line":54,"column":33},"end":{"line":54,"column":null}},"line":54}},"branchMap":{"0":{"loc":{"start":{"line":43,"column":20},"end":{"line":45,"column":null}},"type":"cond-expr","locations":[{"start":{"line":44,"column":24},"end":{"line":44,"column":null}},{"start":{"line":45,"column":24},"end":{"line":45,"column":null}}],"line":43}},"s":{"0":34,"1":381,"2":4,"3":3},"f":{"0":34,"1":381,"2":4,"3":3},"b":{"0":[183,198]},"meta":{"lastBranch":1,"lastFunction":4,"lastStatement":4,"seen":{"f:13:24:13:37":0,"s:18:2:32:Infinity":0,"f:31:24:31:25":1,"s:31:25:32:Infinity":1,"f:39:28:39:29":2,"s:40:20:40:Infinity":2,"b:44:24:44:Infinity:45:24:45:Infinity":0,"f:54:27:54:33":3,"s:54:33:54:Infinity":3}}}
,"/Users/hanaqureshi/poc-microfrontend/mfe-accounting-app/src/components/SummaryCards.tsx": {"path":"/Users/hanaqureshi/poc-microfrontend/mfe-accounting-app/src/components/SummaryCards.tsx","statementMap":{"0":{"start":{"line":18,"column":2},"end":{"line":22,"column":null}},"1":{"start":{"line":38,"column":2},"end":{"line":46,"column":null}}},"fnMap":{"0":{"name":"SummaryCards","decl":{"start":{"line":10,"column":24},"end":{"line":10,"column":37}},"loc":{"start":{"line":17,"column":8},"end":{"line":25,"column":null}},"line":17},"1":{"name":"Card","decl":{"start":{"line":27,"column":9},"end":{"line":27,"column":14}},"loc":{"start":{"line":37,"column":1},"end":{"line":51,"column":null}},"line":37}},"branchMap":{"0":{"loc":{"start":{"line":31,"column":2},"end":{"line":31,"column":12}},"type":"default-arg","locations":[{"start":{"line":31,"column":10},"end":{"line":31,"column":12}}],"line":31},"1":{"loc":{"start":{"line":44,"column":7},"end":{"line":46,"column":null}},"type":"binary-expr","locations":[{"start":{"line":44,"column":7},"end":{"line":44,"column":null}},{"start":{"line":44,"column":7},"end":{"line":46,"column":null}}],"line":44}},"s":{"0":32,"1":96},"f":{"0":32,"1":96},"b":{"0":[96],"1":[96,87]},"meta":{"lastBranch":2,"lastFunction":2,"lastStatement":2,"seen":{"f:10:24:10:37":0,"s:18:2:22:Infinity":0,"f:27:9:27:14":1,"b:31:10:31:12":0,"s:38:2:46:Infinity":1,"b:44:7:44:Infinity:44:7:46:Infinity":1}}}
,"/Users/hanaqureshi/poc-microfrontend/mfe-accounting-app/src/hooks/useInvoice.ts": {"path":"/Users/hanaqureshi/poc-microfrontend/mfe-accounting-app/src/hooks/useInvoice.ts","statementMap":{"0":{"start":{"line":6,"column":31},"end":{"line":7,"column":null}},"1":{"start":{"line":10,"column":21},"end":{"line":18,"column":null}},"2":{"start":{"line":11,"column":32},"end":{"line":15,"column":null}},"3":{"start":{"line":17,"column":4},"end":{"line":17,"column":null}},"4":{"start":{"line":20,"column":24},"end":{"line":22,"column":null}},"5":{"start":{"line":21,"column":4},"end":{"line":21,"column":null}},"6":{"start":{"line":21,"column":41},"end":{"line":21,"column":null}},"7":{"start":{"line":24,"column":24},"end":{"line":34,"column":null}},"8":{"start":{"line":29,"column":4},"end":{"line":31,"column":null}},"9":{"start":{"line":31,"column":8},"end":{"line":31,"column":null}},"10":{"start":{"line":36,"column":17},"end":{"line":46,"column":null}},"11":{"start":{"line":37,"column":41},"end":{"line":37,"column":57}},"12":{"start":{"line":39,"column":21},"end":{"line":39,"column":null}},"13":{"start":{"line":40,"column":26},"end":{"line":40,"column":40}},"14":{"start":{"line":42,"column":21},"end":{"line":42,"column":null}},"15":{"start":{"line":43,"column":26},"end":{"line":43,"column":40}},"16":{"start":{"line":44,"column":38},"end":{"line":44,"column":59}},"17":{"start":{"line":45,"column":41},"end":{"line":45,"column":65}},"18":{"start":{"line":48,"column":2},"end":{"line":54,"column":null}}},"fnMap":{"0":{"name":"useInvoices","decl":{"start":{"line":5,"column":16},"end":{"line":5,"column":null}},"loc":{"start":{"line":5,"column":16},"end":{"line":55,"column":null}},"line":5},"1":{"name":"(anonymous_1)","decl":{"start":{"line":10,"column":21},"end":{"line":10,"column":22}},"loc":{"start":{"line":10,"column":22},"end":{"line":18,"column":null}},"line":10},"2":{"name":"(anonymous_2)","decl":{"start":{"line":20,"column":24},"end":{"line":20,"column":25}},"loc":{"start":{"line":20,"column":25},"end":{"line":22,"column":null}},"line":20},"3":{"name":"(anonymous_3)","decl":{"start":{"line":21,"column":32},"end":{"line":21,"column":33}},"loc":{"start":{"line":21,"column":41},"end":{"line":21,"column":null}},"line":21},"4":{"name":"(anonymous_4)","decl":{"start":{"line":24,"column":24},"end":{"line":24,"column":null}},"loc":{"start":{"line":27,"column":4},"end":{"line":34,"column":null}},"line":27},"5":{"name":"(anonymous_5)","decl":{"start":{"line":30,"column":19},"end":{"line":30,"column":20}},"loc":{"start":{"line":31,"column":8},"end":{"line":31,"column":null}},"line":31},"6":{"name":"(anonymous_6)","decl":{"start":{"line":37,"column":27},"end":{"line":37,"column":28}},"loc":{"start":{"line":37,"column":41},"end":{"line":37,"column":57}},"line":37},"7":{"name":"(anonymous_7)","decl":{"start":{"line":39,"column":14},"end":{"line":39,"column":15}},"loc":{"start":{"line":39,"column":21},"end":{"line":39,"column":null}},"line":39},"8":{"name":"(anonymous_8)","decl":{"start":{"line":40,"column":14},"end":{"line":40,"column":15}},"loc":{"start":{"line":40,"column":26},"end":{"line":40,"column":40}},"line":40},"9":{"name":"(anonymous_9)","decl":{"start":{"line":42,"column":14},"end":{"line":42,"column":15}},"loc":{"start":{"line":42,"column":21},"end":{"line":42,"column":null}},"line":42},"10":{"name":"(anonymous_10)","decl":{"start":{"line":43,"column":14},"end":{"line":43,"column":15}},"loc":{"start":{"line":43,"column":26},"end":{"line":43,"column":40}},"line":43},"11":{"name":"(anonymous_11)","decl":{"start":{"line":44,"column":31},"end":{"line":44,"column":32}},"loc":{"start":{"line":44,"column":38},"end":{"line":44,"column":59}},"line":44},"12":{"name":"(anonymous_12)","decl":{"start":{"line":45,"column":34},"end":{"line":45,"column":35}},"loc":{"start":{"line":45,"column":41},"end":{"line":45,"column":65}},"line":45}},"branchMap":{"0":{"loc":{"start":{"line":31,"column":8},"end":{"line":31,"column":null}},"type":"cond-expr","locations":[{"start":{"line":31,"column":24},"end":{"line":31,"column":53}},{"start":{"line":31,"column":53},"end":{"line":31,"column":null}}],"line":31}},"s":{"0":39,"1":39,"2":7,"3":7,"4":39,"5":3,"6":46,"7":39,"8":5,"9":77,"10":39,"11":592,"12":592,"13":296,"14":592,"15":296,"16":592,"17":592,"18":39},"f":{"0":39,"1":7,"2":3,"3":46,"4":5,"5":77,"6":592,"7":592,"8":296,"9":592,"10":296,"11":592,"12":592},"b":{"0":[5,72]},"meta":{"lastBranch":1,"lastFunction":13,"lastStatement":19,"seen":{"f:5:16:5:Infinity":0,"s:6:31:7:Infinity":0,"s:10:21:18:Infinity":1,"f:10:21:10:22":1,"s:11:32:15:Infinity":2,"s:17:4:17:Infinity":3,"s:20:24:22:Infinity":4,"f:20:24:20:25":2,"s:21:4:21:Infinity":5,"f:21:32:21:33":3,"s:21:41:21:Infinity":6,"s:24:24:34:Infinity":7,"f:24:24:24:Infinity":4,"s:29:4:31:Infinity":8,"f:30:19:30:20":5,"s:31:8:31:Infinity":9,"b:31:24:31:53:31:53:31:Infinity":0,"s:36:17:46:Infinity":10,"f:37:27:37:28":6,"s:37:41:37:57":11,"f:39:14:39:15":7,"s:39:21:39:Infinity":12,"f:40:14:40:15":8,"s:40:26:40:40":13,"f:42:14:42:15":9,"s:42:21:42:Infinity":14,"f:43:14:43:15":10,"s:43:26:43:40":15,"f:44:31:44:32":11,"s:44:38:44:59":16,"f:45:34:45:35":12,"s:45:41:45:65":17,"s:48:2:54:Infinity":18}}}
}
