TN:
SF:src/App.tsx
FN:8,AccountingApp
FNF:1
FNH:1
FNDA:24,AccountingApp
DA:9,24
DA:12,24
LF:2
LH:2
BRF:0
BRH:0
end_of_record
TN:
SF:src/components/InvoiceForm.tsx
FN:13,InvoiceForm
FN:21,(anonymous_1)
FN:46,(anonymous_2)
FN:55,(anonymous_3)
FNF:4
FNH:4
FNDA:171,InvoiceForm
FNDA:10,(anonymous_1)
FNDA:104,(anonymous_2)
FNDA:32,(anonymous_3)
DA:14,171
DA:21,171
DA:22,10
DA:24,7
DA:31,7
DA:39,171
DA:47,104
DA:56,32
LF:8
LH:8
BRDA:22,0,0,3
BRDA:22,0,1,7
BRDA:22,1,0,10
BRDA:22,1,1,8
BRF:4
BRH:4
end_of_record
TN:
SF:src/components/InvoiceTable.tsx
FN:13,InvoiceTable
FN:31,(anonymous_1)
FN:39,(anonymous_2)
FN:54,(anonymous_3)
FNF:4
FNH:4
FNDA:34,InvoiceTable
FNDA:381,(anonymous_1)
FNDA:4,(anonymous_2)
FNDA:3,(anonymous_3)
DA:18,34
DA:31,381
DA:40,4
DA:54,3
LF:4
LH:4
BRDA:43,0,0,183
BRDA:43,0,1,198
BRF:2
BRH:2
end_of_record
TN:
SF:src/components/SummaryCards.tsx
FN:10,SummaryCards
FN:27,Card
FNF:2
FNH:2
FNDA:32,SummaryCards
FNDA:96,Card
DA:18,32
DA:38,96
LF:2
LH:2
BRDA:31,0,0,96
BRDA:44,1,0,96
BRDA:44,1,1,87
BRF:3
BRH:3
end_of_record
TN:
SF:src/hooks/useInvoice.ts
FN:5,useInvoices
FN:10,(anonymous_1)
FN:20,(anonymous_2)
FN:21,(anonymous_3)
FN:24,(anonymous_4)
FN:30,(anonymous_5)
FN:37,(anonymous_6)
FN:39,(anonymous_7)
FN:40,(anonymous_8)
FN:42,(anonymous_9)
FN:43,(anonymous_10)
FN:44,(anonymous_11)
FN:45,(anonymous_12)
FNF:13
FNH:13
FNDA:39,useInvoices
FNDA:7,(anonymous_1)
FNDA:3,(anonymous_2)
FNDA:46,(anonymous_3)
FNDA:5,(anonymous_4)
FNDA:77,(anonymous_5)
FNDA:592,(anonymous_6)
FNDA:592,(anonymous_7)
FNDA:296,(anonymous_8)
FNDA:592,(anonymous_9)
FNDA:296,(anonymous_10)
FNDA:592,(anonymous_11)
FNDA:592,(anonymous_12)
DA:6,39
DA:10,39
DA:11,7
DA:17,7
DA:20,39
DA:21,46
DA:24,39
DA:29,5
DA:31,77
DA:36,39
DA:37,592
DA:39,592
DA:40,296
DA:42,592
DA:43,296
DA:44,592
DA:45,592
DA:48,39
LF:18
LH:18
BRDA:31,0,0,5
BRDA:31,0,1,72
BRF:2
BRH:2
end_of_record
